0 info it worked if it ends with ok
1 verbose cli [ '/usr/local/Cellar/node/6.6.0/bin/node',
1 verbose cli   '/usr/local/bin/npm',
1 verbose cli   'install',
1 verbose cli   'react-facebook' ]
2 info using npm@3.10.7
3 info using node@v6.6.0
4 silly loadCurrentTree Starting
5 silly install loadCurrentTree
6 silly install readLocalPackageData
7 silly fetchPackageMetaData react-facebook
8 silly fetchNamedPackageData react-facebook
9 silly mapToRegistry name react-facebook
10 silly mapToRegistry using default registry
11 silly mapToRegistry registry https://registry.npmjs.org/
12 silly mapToRegistry data Result {
12 silly mapToRegistry   raw: 'react-facebook',
12 silly mapToRegistry   scope: null,
12 silly mapToRegistry   escapedName: 'react-facebook',
12 silly mapToRegistry   name: 'react-facebook',
12 silly mapToRegistry   rawSpec: '',
12 silly mapToRegistry   spec: 'latest',
12 silly mapToRegistry   type: 'tag' }
13 silly mapToRegistry uri https://registry.npmjs.org/react-facebook
14 verbose request uri https://registry.npmjs.org/react-facebook
15 verbose request no auth needed
16 info attempt registry request try #1 at 3:05:19 AM
17 verbose request id bcffb832ba9d33f7
18 verbose etag "1GMQQLIP2B4VVN2GETDCBWHIV"
19 http request GET https://registry.npmjs.org/react-facebook
20 http 304 https://registry.npmjs.org/react-facebook
21 verbose headers { date: 'Sun, 18 Sep 2016 20:05:18 GMT',
21 verbose headers   via: '1.1 varnish',
21 verbose headers   'cache-control': 'max-age=300',
21 verbose headers   etag: '"1GMQQLIP2B4VVN2GETDCBWHIV"',
21 verbose headers   age: '140',
21 verbose headers   connection: 'keep-alive',
21 verbose headers   'x-served-by': 'cache-sin6927-SIN',
21 verbose headers   'x-cache': 'HIT',
21 verbose headers   'x-cache-hits': '1',
21 verbose headers   'x-timer': 'S1474229118.783302,VS0,VE0',
21 verbose headers   vary: 'Accept-Encoding' }
22 silly get cb [ 304,
22 silly get   { date: 'Sun, 18 Sep 2016 20:05:18 GMT',
22 silly get     via: '1.1 varnish',
22 silly get     'cache-control': 'max-age=300',
22 silly get     etag: '"1GMQQLIP2B4VVN2GETDCBWHIV"',
22 silly get     age: '140',
22 silly get     connection: 'keep-alive',
22 silly get     'x-served-by': 'cache-sin6927-SIN',
22 silly get     'x-cache': 'HIT',
22 silly get     'x-cache-hits': '1',
22 silly get     'x-timer': 'S1474229118.783302,VS0,VE0',
22 silly get     vary: 'Accept-Encoding' } ]
23 verbose etag https://registry.npmjs.org/react-facebook from cache
24 verbose get saving react-facebook to /Users/lactozily/.npm/registry.npmjs.org/react-facebook/.cache.json
25 verbose correctMkdir /Users/lactozily/.npm correctMkdir not in flight; initializing
26 silly install normalizeTree
27 silly loadCurrentTree Finishing
28 silly loadIdealTree Starting
29 silly install loadIdealTree
30 silly cloneCurrentTree Starting
31 silly install cloneCurrentTreeToIdealTree
32 silly cloneCurrentTree Finishing
33 silly loadShrinkwrap Starting
34 silly install loadShrinkwrap
35 silly loadShrinkwrap Finishing
36 silly loadAllDepsIntoIdealTree Starting
37 silly install loadAllDepsIntoIdealTree
38 silly rollbackFailedOptional Starting
39 silly rollbackFailedOptional Finishing
40 silly runTopLevelLifecycles Finishing
41 silly install printInstalled
42 verbose stack Error: Refusing to install react-facebook as a dependency of itself
42 verbose stack     at checkSelf (/usr/local/lib/node_modules/npm/lib/install/validate-args.js:53:14)
42 verbose stack     at Array.<anonymous> (/usr/local/lib/node_modules/npm/node_modules/slide/lib/bind-actor.js:15:8)
42 verbose stack     at LOOP (/usr/local/lib/node_modules/npm/node_modules/slide/lib/chain.js:15:14)
42 verbose stack     at chain (/usr/local/lib/node_modules/npm/node_modules/slide/lib/chain.js:20:5)
42 verbose stack     at /usr/local/lib/node_modules/npm/lib/install/validate-args.js:16:5
42 verbose stack     at /usr/local/lib/node_modules/npm/node_modules/slide/lib/async-map.js:52:35
42 verbose stack     at Array.forEach (native)
42 verbose stack     at /usr/local/lib/node_modules/npm/node_modules/slide/lib/async-map.js:52:11
42 verbose stack     at Array.forEach (native)
42 verbose stack     at asyncMap (/usr/local/lib/node_modules/npm/node_modules/slide/lib/async-map.js:51:8)
43 verbose cwd /Users/lactozily/ywc/react-facebook
44 error Darwin 16.0.0
45 error argv "/usr/local/Cellar/node/6.6.0/bin/node" "/usr/local/bin/npm" "install" "react-facebook"
46 error node v6.6.0
47 error npm  v3.10.7
48 error code ENOSELF
49 error Refusing to install react-facebook as a dependency of itself
50 error If you need help, you may report this error at:
50 error     <https://github.com/npm/npm/issues>
51 verbose exit [ 1, true ]
